Wed Jan 28 21:27:51 WEST 2026: ALERT: No files produced in /c/Users/Vindhya/scratch/heartbeat/tests/production_output in the last 5 minutes.
Triggering Diagnostic Engine...

--- [DIAGNOSTICS STARTED] ---
Timestamp: Wed Jan 28 21:27:52 2026
Operating System: msys (Assumed Linux/Unix environment)
Status: No 'Zombie' (defunct) processes detected.
Checking for potentially stuck script processes (0.0% CPU usage)...
No obviously stuck script processes found.
--- [DIAGNOSTICS COMPLETE] ---
Wed Jan 28 21:37:39 WEST 2026: Pulse OK. Found 1 active files in /c/Users/Vindhya/scratch/heartbeat/tests/production_output.
Wed Jan 28 21:50:01 WEST 2026: ALERT: No files produced in /c/Users/Vindhya/scratch/heartbeat/tests/production_output in the last 5 minutes.
Triggering Diagnostic Engine...

--- [DIAGNOSTICS STARTED] ---
Timestamp: Wed Jan 28 21:50:01 2026
Operating System: msys (Assumed Linux/Unix environment)
Status: No 'Zombie' (defunct) processes detected.
Checking for potentially stuck script processes (0.0% CPU usage)...
No obviously stuck script processes found.
--- [DIAGNOSTICS COMPLETE] ---
Wed Jan 28 21:52:57 WEST 2026: ALERT: No files produced in /c/Users/Vindhya/scratch/heartbeat/tests/production_output in the last 5 minutes.
Triggering Diagnostic Engine...

--- [DIAGNOSTICS STARTED] ---
Timestamp: Wed Jan 28 21:52:57 2026
Operating System: msys (Assumed Linux/Unix environment)
Status: No 'Zombie' (defunct) processes detected.
Checking for potentially stuck script processes (0.0% CPU usage)...
No obviously stuck script processes found.
--- [DIAGNOSTICS COMPLETE] ---
Wed Jan 28 21:55:56 WEST 2026: ALERT: No files produced in /c/Users/Vindhya/scratch/heartbeat/tests/production_output in the last 5 minutes.
Triggering Diagnostic Engine...

--- [DIAGNOSTICS STARTED] ---
Timestamp: Wed Jan 28 21:55:56 2026
Operating System: msys (Assumed Linux/Unix environment)
Status: No 'Zombie' (defunct) processes detected.
Checking for potentially stuck script processes (0.0% CPU usage)...
No obviously stuck script processes found.
--- [DIAGNOSTICS COMPLETE] ---
Wed Jan 28 21:59:09 WEST 2026: ALERT: No files produced in /c/Users/Vindhya/scratch/heartbeat/tests/production_output in the last 5 minutes.
Triggering Diagnostic Engine...

--- [DIAGNOSTICS STARTED] ---
Timestamp: Wed Jan 28 21:59:09 2026
Operating System: msys (Assumed Linux/Unix environment)
Status: No 'Zombie' (defunct) processes detected.
Checking for potentially stuck script processes (0.0% CPU usage)...
No obviously stuck script processes found.
--- [DIAGNOSTICS COMPLETE] ---
Wed Jan 28 22:02:52 WEST 2026: ALERT: No files produced in /c/Users/Vindhya/scratch/heartbeat/tests/production_output in the last 5 minutes.
Triggering Diagnostic Engine...

--- [DIAGNOSTICS STARTED] ---
Timestamp: Wed Jan 28 22:02:52 2026
Operating System: msys (Assumed Linux/Unix environment)
Status: No 'Zombie' (defunct) processes detected.
Checking for potentially stuck script processes (0.0% CPU usage)...
No obviously stuck script processes found.
--- [DIAGNOSTICS COMPLETE] ---
Wed Jan 28 22:03:31 WEST 2026: ALERT: No files produced in /c/Users/Vindhya/scratch/heartbeat/tests/production_output in the last 5 minutes.
Triggering Diagnostic Engine...

--- [DIAGNOSTICS STARTED] ---
Timestamp: Wed Jan 28 22:03:31 2026
Operating System: msys (Assumed Linux/Unix environment)
Status: No 'Zombie' (defunct) processes detected.
Checking for potentially stuck script processes (0.0% CPU usage)...
No obviously stuck script processes found.
--- [DIAGNOSTICS COMPLETE] ---
Wed Jan 28 22:50:25 WEST 2026: ALERT: No files produced in /c/Users/Vindhya/scratch/heartbeat/tests/production_output in the last 5 minutes.
Triggering Diagnostic Engine...

--- [DIAGNOSTICS STARTED] ---
Timestamp: Wed Jan 28 22:50:25 2026
Operating System: msys (Assumed Linux/Unix environment)
Status: No 'Zombie' (defunct) processes detected.
Checking for potentially stuck script processes (0.0% CPU usage)...
No obviously stuck script processes found.
--- [DIAGNOSTICS COMPLETE] ---
